<?xml version="1.0" encoding="UTF-8"?>
<testsuite name="com.example.springadvanced.converter.FormattingConversionServiceTest" tests="1" skipped="0" failures="0" errors="0" timestamp="2025-02-21T08:53:50" hostname="DESKTOP-QBEBR2D" time="0.34">
  <properties/>
  <testcase name="formattingConversionService()" classname="com.example.springadvanced.converter.FormattingConversionServiceTest" time="0.34"/>
  <system-out><![CDATA[17:53:50.916 [Test worker] INFO com.example.springadvanced.converter.PriceFormatter -- object = 10000, locale = ko_KR
]]></system-out>
  <system-err><![CDATA[]]></system-err>
</testsuite>
